<?xml version="1.0" encoding="UTF-8"?>
<testsuite xmlns:xsi="http://www.w3.org/2001/XMLSchema-instance" xsi:noNamespaceSchemaLocation="https://maven.apache.org/surefire/maven-surefire-plugin/xsd/surefire-test-report-3.0.xsd" version="3.0" name="br.com.erudio.math.MethodOrderedByOrderIndexTest" time="0.014" tests="4" errors="0" skipped="0" failures="0">
  <properties>
[...]
</properties>
  <testcase name="testeC" classname="br.com.erudio.math.MethodOrderedByOrderIndexTest" time="0.003">
    <system-out><![CDATA[Runnint Test C
The actual value is 1
]]></system-out>
  </testcase>
  <testcase name="testeD" classname="br.com.erudio.math.MethodOrderedByOrderIndexTest" time="0.001">
    <system-out><![CDATA[Runnint Test D
The actual value is 12
]]></system-out>
  </testcase>
  <testcase name="testeA" classname="br.com.erudio.math.MethodOrderedByOrderIndexTest" time="0.002">
    <system-out><![CDATA[Runnint Test A
The actual value is 123
]]></system-out>
  </testcase>
  <testcase name="testeB" classname="br.com.erudio.math.MethodOrderedByOrderIndexTest" time="0.002">
    <system-out><![CDATA[Runnint Test B
The actual value is 1234
]]></system-out>
  </testcase>
</testsuite>